This is pdfTeX, Version 3.141592653-2.6-1.40.27 (MiKTeX 25.3) (preloaded format=pdflatex 2025.4.3)  3 APR 2025 22:26
entering extended mode
 restricted \write18 enabled.
 %&-line parsing enabled.
**./couching.tex
(couching.tex
LaTeX2e <2024-11-01> patch level 2
L3 programming layer <2025-01-18>
)
Runaway argument?
{\par \newcommand {\contentsTranslation }{} \newcommand {\Neirot }{\par \ETC.
! File ended while scanning use of \@argdef.
<inserted text> 
                \par 
<*> ./couching.tex
                  
I suspect you have forgotten a `}', causing me
to read past where you wanted me to stop.
I'll try to recover; but if the error is serious,
you'd better type `E' or `X' now and fix your file.

! Emergency stop.
<*> ./couching.tex
                  
*** (job aborted, no legal \end found)

 
Here is how much of TeX's memory you used:
 41 strings out of 473522
 641 string characters out of 5712674
 391471 words of memory out of 5000000
 23370 multiletter control sequences out of 15000+600000
 558837 words of font info for 36 fonts, out of 8000000 for 9000
 1141 hyphenation exceptions out of 8191
 12i,0n,13p,241b,8s stack positions out of 10000i,1000n,20000p,200000b,200000s
!  ==> Fatal error occurred, no output PDF file produced!
