This is LuaHBTeX, Version 1.21.0 (MiKTeX 25.3) (format=lualatex 2025.4.3)  4 APR 2025 10:30
 restricted system commands enabled.
**haggadah.tex
(./haggadah.tex
LaTeX2e <2024-11-01> patch level 2
L3 programming layer <2025-01-18>
Lua module: luaotfload 2024-12-03 v3.29 Lua based OpenType font support
Lua module: lualibs 2023-07-13 v2.76 ConTeXt Lua standard libraries.
Lua module: lualibs-extended 2023-07-13 v2.76 ConTeXt Lua libraries -- extended 
collection.
luaotfload | conf : Root cache directory is "C:/Users/Gamergurl/AppData/Local/Mi
KTeX/luatex-cache/generic/names".
luaotfload | init : Loading fontloader "fontloader-2023-12-28.lua" from kpse-res
olved path "C:/Users/Gamergurl/AppData/Local/Programs/MiKTeX/tex/luatex/luaotflo
ad/fontloader-2023-12-28.lua".
Lua-only attribute luaotfload@noligature = 1
luaotfload | init : Context OpenType loader version 3.134
Inserting `luaotfload.node_processor' in `pre_linebreak_filter'.
Inserting `luaotfload.node_processor' in `hpack_filter'.
Inserting `luaotfload.glyph_stream' in `glyph_stream_provider'.
Inserting `luaotfload.define_font' in `define_font'.
Lua-only attribute luaotfload_color_attribute = 2
luaotfload | conf : Root cache directory is "C:/Users/Gamergurl/AppData/Local/Mi
KTeX/luatex-cache/generic/names".
Inserting `luaotfload.harf.strip_prefix' in `find_opentype_file'.
Inserting `luaotfload.harf.strip_prefix' in `find_truetype_file'.
Removing  `luaotfload.glyph_stream' from `glyph_stream_provider'.
Inserting `luaotfload.harf.glyphstream' in `glyph_stream_provider'.
Inserting `luaotfload.harf.finalize_vlist' in `post_linebreak_filter'.
Inserting `luaotfload.harf.finalize_hlist' in `hpack_filter'.
Inserting `luaotfload.cleanup_files' in `wrapup_run'.
Inserting `luaotfload.harf.finalize_unicode' in `finish_pdffile'.
Inserting `luaotfload.glyphinfo' in `glyph_info'.
Lua-only attribute luaotfload.letterspace_done = 3
Inserting `luaotfload.aux.set_sscale_dimens' in `luaotfload.patch_font'.
Inserting `luaotfload.aux.set_font_index' in `luaotfload.patch_font'.
Inserting `luaotfload.aux.patch_cambria_domh' in `luaotfload.patch_font'.
Inserting `luaotfload.aux.fixup_fontdata' in `luaotfload.patch_font_unsafe'.
Inserting `luaotfload.aux.set_capheight' in `luaotfload.patch_font'.
Inserting `luaotfload.aux.set_xheight' in `luaotfload.patch_font'.
Inserting `luaotfload.rewrite_fontname' in `luaotfload.patch_font'.
Inserting `tracingstacklevels' in `input_level_string'. (C:/Users/Gamergurl/App
Data/Local/Programs/MiKTeX/tex/latex/memoir/memoir.cls
Document Class: memoir 2025/03/10 v3.8.3b configurable book, report, article do
cument class
(C:/Users/Gamergurl/AppData/Local/Programs/MiKTeX/tex/latex/xpatch/xpatch.sty
(C:/Users/Gamergurl/AppData/Local/Programs/MiKTeX/tex/latex/l3kernel/expl3.sty
Package: expl3 2025-01-18 L3 programming layer (loader) 

(C:/Users/Gamergurl/AppData/Local/Programs/MiKTeX/tex/latex/l3backend/l3backend
-luatex.def
File: l3backend-luatex.def 2024-05-08 L3 backend support: PDF output (LuaTeX)
\l__color_backend_stack_int=\count194
Inserting `l3color' in `luaotfload.parse_color'.
\l__pdf_internal_box=\box52
))
Package: xpatch 2020/03/25 v0.3a Extending etoolbox patching commands

(C:/Users/Gamergurl/AppData/Local/Programs/MiKTeX/tex/latex/l3packages/xparse/x
parse.sty
Package: xparse 2024-08-16 L3 Experimental document command parser
)
(C:/Users/Gamergurl/AppData/Local/Programs/MiKTeX/tex/latex/etoolbox/etoolbox.s
ty
Package: etoolbox 2025/02/11 v2.5l e-TeX tools for LaTeX (JAW)
\etb@tempcnta=\count195
))
\onelineskip=\skip49
\lxvchars=\skip50
\xlvchars=\skip51
\@memcnta=\count196
\c@@memmarkcntra=\count197

(C:/Users/Gamergurl/AppData/Local/Programs/MiKTeX/tex/generic/iftex/iftex.sty
Package: iftex 2024/12/12 v1.0g TeX engine tests
)
\trimtop=\skip52
\trimedge=\skip53

(C:/Users/Gamergurl/AppData/Local/Programs/MiKTeX/tex/latex/memoir/mem10.clo
File: mem10.clo 2022/07/29 v0.5 memoir class 10pt size option
luaotfload | db : Font names database loaded from C:/Users/Gamergurl/AppData/Loc
al/MiKTeX/luatex-cache/generic/names/luaotfload-names.luc.gz)
\binding=\skip54
\spinemargin=\skip55
\foremargin=\skip56
\uppermargin=\skip57
\lowermargin=\skip58
\headdrop=\skip59
\normalrulethickness=\skip60
\mem@maxheadheight=\skip61
\mem@maxfootheight=\skip62
\headwidth=\skip63
\c@storedpagenumber=\count198
\memPD=\dimen140
\m@mabparskip=\skip64
\thanksmarkwidth=\skip65
\thanksmarksep=\skip66
\droptitle=\skip67
\c@book=\count199
\c@part=\count266
\c@chapter=\count267
\c@section=\count268
\c@subsection=\count269
\c@subsubsection=\count270
\c@paragraph=\count271
\c@subparagraph=\count272
\beforechapskip=\skip68
\midchapskip=\skip69
\afterchapskip=\skip70
\chapindent=\skip71
\bottomsectionskip=\skip72
\secindent=\skip73
\beforesecskip=\skip74
\aftersecskip=\skip75
\subsecindent=\skip76
\beforesubsecskip=\skip77
\aftersubsecskip=\skip78
\subsubsecindent=\skip79
\beforesubsubsecskip=\skip80
\aftersubsubsecskip=\skip81
\paraindent=\skip82
\beforeparaskip=\skip83
\afterparaskip=\skip84
\subparaindent=\skip85
\beforesubparaskip=\skip86
\aftersubparaskip=\skip87
\pfbreakskip=\skip88
\c@@ppsavesec=\count273
\c@@ppsaveapp=\count274
\ragrparindent=\dimen141
\everylistparindent=\dimen142
\parsepi=\skip89
\topsepi=\skip90
\itemsepi=\skip91
\parsepii=\skip92
\topsepii=\skip93
\topsepiii=\skip94
\itemsepii=\skip95
\itemsepiii=\skip96
\partopsepii=\skip97
\partopsepiii=\skip98
\m@msavetopsep=\skip99
\m@msavepartopsep=\skip100
\@enLab=\toks17
\abstitleskip=\skip101
\absleftindent=\skip102
\abs@leftindent=\dimen143
\absrightindent=\skip103
\absparindent=\skip104
\absparsep=\skip105
\c@vslineno=\count275
\c@poemline=\count276
\c@modulo@vs=\count277
\c@memfvsline=\count278
\vleftskip=\skip106
\vrightskip=\skip107
\stanzaskip=\skip108
\versewidth=\skip109
\vgap=\skip110
\vindent=\skip111
\vleftmargin=\dimen144
\c@verse=\count279
\c@chrsinstr=\count280
\beforepoemtitleskip=\skip112
\afterpoemtitleskip=\skip113
\c@poem=\count281
\beforePoemTitleskip=\skip114
\midPoemTitleskip=\skip115
\afterPoemTitleskip=\skip116

(C:/Users/Gamergurl/AppData/Local/Programs/MiKTeX/tex/latex/tools/array.sty
Package: array 2024/10/17 v2.6g Tabular extension package (FMi)
\col@sep=\dimen145
\ar@mcellbox=\box53
\extrarowheight=\dimen146
\NC@list=\toks18
\extratabsurround=\skip117
\backup@length=\skip118
\ar@cellbox=\box54
)
(C:/Users/Gamergurl/AppData/Local/Programs/MiKTeX/tex/latex/tools/dcolumn.sty
Package: dcolumn 2023/07/08 v1.06 decimal alignment package (DPC)
)
(C:/Users/Gamergurl/AppData/Local/Programs/MiKTeX/tex/latex/tools/delarray.sty
Package: delarray 2014/10/28 v1.01 array delimiter package (DPC)
) (C:/Users/Gamergurl/AppData/Local/Programs/MiKTeX/tex/latex/tools/tabularx.st
y
Package: tabularx 2023/12/11 v2.12a `tabularx' package (DPC)
\TX@col@width=\dimen147
\TX@old@table=\dimen148
\TX@old@col=\dimen149
\TX@target=\dimen150
\TX@delta=\dimen151
\TX@cols=\count282
\TX@ftn=\toks19
)
(C:/Users/Gamergurl/AppData/Local/Programs/MiKTeX/tex/latex/booktabs/booktabs.s
ty
Package: booktabs 2020/01/12 v1.61803398 Publication quality tables
\heavyrulewidth=\dimen152
\lightrulewidth=\dimen153
\cmidrulewidth=\dimen154
\belowrulesep=\dimen155
\belowbottomsep=\dimen156
\aboverulesep=\dimen157
\abovetopsep=\dimen158
\cmidrulesep=\dimen159
\cmidrulekern=\dimen160
\defaultaddspace=\dimen161
\@cmidla=\count283
\@cmidlb=\count284
\@aboverulesep=\dimen162
\@belowrulesep=\dimen163
\@thisruleclass=\count285
\@lastruleclass=\count286
\@thisrulewidth=\dimen164
)
\ctableftskip=\skip119
\ctabrightskip=\skip120
\abovecolumnspenalty=\count287
\@linestogo=\count288
\@cellstogo=\count289
\@cellsincolumn=\count290
\crtok=\toks20
\@mincolumnwidth=\dimen165
\c@newflo@tctr=\count291
\mem@margin@floatbox=\box55
\@contcwidth=\skip121
\@contindw=\skip122
\abovecaptionskip=\skip123
\belowcaptionskip=\skip124
\subfloattopskip=\skip125
\subfloatcapskip=\skip126
\subfloatcaptopadj=\skip127
\subfloatbottomskip=\skip128
\subfloatlabelskip=\skip129
\subfloatcapmargin=\dimen166
\c@@contsubnum=\count292
\m@mscap@capbox=\box56
\m@mscap@fbox=\box57
\sidecapsep=\dimen167
\sidecapwidth=\dimen168
\m@m@tempdima=\dimen169
\m@mscapraise=\dimen170
\sidecapraise=\dimen171
\m@mscapmainwidth=\dimen172
\m@mscaplkern=\dimen173
\beforeepigraphskip=\skip130
\afterepigraphskip=\skip131
\epigraphwidth=\skip132
\epigraphrule=\skip133
LaTeX Info: Redefining \em on input line 7017.
LaTeX Info: Redefining \emph on input line 7025.

(C:/Users/Gamergurl/AppData/Local/Programs/MiKTeX/tex/latex/hyperref/nameref.st
y
Package: nameref 2023-11-26 v2.56 Cross-referencing by name of section

(C:/Users/Gamergurl/AppData/Local/Programs/MiKTeX/tex/latex/refcount/refcount.s
ty
Package: refcount 2019/12/15 v3.6 Data extraction from label references (HO)

(C:/Users/Gamergurl/AppData/Local/Programs/MiKTeX/tex/generic/ltxcmds/ltxcmds.s
ty
Package: ltxcmds 2023-12-04 v1.26 LaTeX kernel commands for general use (HO)
)
(C:/Users/Gamergurl/AppData/Local/Programs/MiKTeX/tex/generic/infwarerr/infware
rr.sty
Package: infwarerr 2019/12/03 v1.5 Providing info/warning/error messages (HO)
))
(C:/Users/Gamergurl/AppData/Local/Programs/MiKTeX/tex/generic/gettitlestring/ge
ttitlestring.sty
Package: gettitlestring 2019/12/15 v1.6 Cleanup title references (HO)

(C:/Users/Gamergurl/AppData/Local/Programs/MiKTeX/tex/latex/kvoptions/kvoptions
.sty
Package: kvoptions 2022-06-15 v3.15 Key value format for package options (HO)

(C:/Users/Gamergurl/AppData/Local/Programs/MiKTeX/tex/latex/graphics/keyval.sty
Package: keyval 2022/05/29 v1.15 key=value parser (DPC)
\KV@toks@=\toks21
)
(C:/Users/Gamergurl/AppData/Local/Programs/MiKTeX/tex/latex/kvsetkeys/kvsetkeys
.sty
Package: kvsetkeys 2022-10-05 v1.19 Key value parser (HO)
)))
\c@section@level=\count293
)
\tocentryskip=\skip134
\tocbaseline=\skip135
\cftparskip=\skip136
\cftbeforebookskip=\skip137
\cftbookindent=\dimen174
\cftbooknumwidth=\dimen175
\cftbeforepartskip=\skip138
\cftpartindent=\skip139
\cftpartnumwidth=\skip140
\cftbeforechapterskip=\skip141
\cftchapterindent=\skip142
\cftchapternumwidth=\skip143
\cftbeforesectionskip=\skip144
\cftsectionindent=\skip145
\cftsectionnumwidth=\skip146
\cftbeforesubsectionskip=\skip147
\cftsubsectionindent=\skip148
\cftsubsectionnumwidth=\skip149
\cftbeforesubsubsectionskip=\skip150
\cftsubsubsectionindent=\skip151
\cftsubsubsectionnumwidth=\skip152
\cftbeforeparagraphskip=\skip153
\cftparagraphindent=\skip154
\cftparagraphnumwidth=\skip155
\cftbeforesubparagraphskip=\skip156
\cftsubparagraphindent=\skip157
\cftsubparagraphnumwidth=\skip158
\prechapterprecisshift=\dimen176
\c@maxsecnumdepth=\count294
\bibindent=\dimen177
\bibitemsep=\skip159
\indexcolsep=\skip160
\indexrule=\skip161
\indexmarkstyle=\toks22
\@indexbox=\insert252
LaTeX Info: Redefining \raggedbottom on input line 8108.
LaTeX Info: Redefining \flushbottom on input line 8112.
\glossarycolsep=\dimen178
\glossaryrule=\dimen179
\sideparvshift=\skip162
\sideins=\insert251
\sidebartopsep=\skip163
\sidebarhsep=\skip164
\sidebarvsep=\skip165
\sidebarwidth=\skip166
\footmarkwidth=\skip167
\footmarksep=\skip168
\footparindent=\skip169
\footinsdim=\skip170
\footinsv@r=\insert250
\@mpfootinsv@r=\insert249
\m@m@k=\count295
\m@m@h=\dimen180
\m@mipn@skip=\skip171
\sidefootins=\insert248
\sidefootadjust=\skip172
\sidefootheight=\skip173
\sidefoothsep=\skip174
\sidefootvsep=\skip175
\sidefootwidth=\skip176
\m@mdownsf=\skip177
\c@sidefootnote=\count296
\sidefootmarkwidth=\skip178
\sidefootmarksep=\skip179
\sidefootparindent=\skip180
\c@pagenote=\count297
\c@pagenoteshadow=\count298
\mem@pn@lastkern=\skip181

(C:/Users/Gamergurl/AppData/Local/Programs/MiKTeX/tex/latex/tools/verbatim.sty
Package: verbatim 2024-01-22 v1.5x LaTeX2e package for verbatim enhancements
\every@verbatim=\toks23
\verbatim@line=\toks24
\verbatim@in@stream=\read2
)
\verbatimindent=\skip182
\verbatim@out=\write3
(C:/Users/Gamergurl/AppData/Local/Programs/MiKTeX/tex/latex/base/shortvrb.sty
Package: shortvrb 2024/10/23 v3.0q Standard LaTeX documentation package V3 (FMi
)
)
\bvboxsep=\skip183
\c@memfbvline=\count299
\c@bvlinectr=\count300
\bvnumlength=\skip184
\fb@frw=\dimen181
\fb@frh=\dimen182
\FrameRule=\dimen183
\FrameSep=\dimen184
\c@cp@cntr=\count301
\c@ism@mctr=\count302
\c@xsm@mctr=\count303
\c@csm@mctr=\count304
\c@ksm@mctr=\count305
\c@xksm@mctr=\count306
\c@cksm@mctr=\count307
\c@msm@mctr=\count308
\c@xmsm@mctr=\count309
\c@cmsm@mctr=\count310
\c@bsm@mctr=\count311
\c@workm@mctr=\count312
\c@sheetsequence=\count313
\c@lastsheet=\count314
\c@lastpage=\count315

(C:/Users/Gamergurl/AppData/Local/Programs/MiKTeX/tex/latex/textcase/textcase.s
ty
Package: textcase 2025/02/16 v1.05 Text only upper/lower case changing (DPC)
Package textcase Info: Defining Legacy names on input line 20.
)
\c@figure=\count316
\c@lofdepth=\count317
\cftbeforefigureskip=\skip185
\cftfigureindent=\skip186
\cftfigurenumwidth=\skip187
\c@table=\count318
\c@lotdepth=\count319
\cftbeforetableskip=\skip188
\cfttableindent=\skip189
\cfttablenumwidth=\skip190
Package abstract [2008/07/23] emulated by memoir.
Package appendix [2008/07/23] emulated by memoir.
Package ccaption [2008/07/23] emulated by memoir.
Package changepage [2008/07/23] emulated by memoir.
Package chngcntr [2008/07/23] emulated by memoir.
Package chngpage [2008/07/23] emulated by memoir.
Package crop emulated by memoir.
Package enumerate [2008/07/23] emulated by memoir.
Package epigraph [2008/07/23] emulated by memoir.
Package ifmtarg [2008/07/23] emulated by memoir.
Package index [2008/07/23] emulated by memoir.
Package makeidx [2008/07/23] emulated by memoir.
Package moreverb [2008/07/23] emulated by memoir.
Package needspace [2008/07/23] emulated by memoir.
Package newfile [2008/07/23] emulated by memoir.
Package nextpage [2008/07/23] emulated by memoir.
Package pagenote [2008/07/23] emulated by memoir.
Package parskip [2008/07/23] emulated by memoir.
Package patchcmd [2008/07/23] emulated by memoir.
Package setspace [2008/07/23] emulated by memoir.
Package showidx [2008/07/23] emulated by memoir.
Package titleref [2008/07/23] emulated by memoir.
Package titling [2008/07/23] emulated by memoir.
Package tocbibind [2008/07/23] emulated by memoir.
Package tocloft [2008/07/23] emulated by memoir.
Package tocvsec2 [2008/07/23] emulated by memoir.
Package verse [2008/07/23] emulated by memoir.
)

Class memoir Warning: The titlesec package is not recommended with memoir.
(memoir)              With it we loose some of the features provides by the
(memoir)              class. We provide our own interface to adjust how 
(memoir)              sections and chapters should look like.
(memoir)              See the manual sections 6.4 through 6.6 for details.  on 
input line 4.


(C:/Users/Gamergurl/AppData/Local/Programs/MiKTeX/tex/latex/titlesec/titlesec.s
ty
Package: titlesec 2025/01/04 v2.17 Sectioning titles
\ttl@box=\box58
\beforetitleunit=\skip191
\aftertitleunit=\skip192
\ttl@plus=\dimen185
\ttl@minus=\dimen186
\ttl@toksa=\toks25
\titlewidth=\dimen187
\titlewidthlast=\dimen188
\titlewidthfirst=\dimen189
)
(C:/Users/Gamergurl/AppData/Local/Programs/MiKTeX/tex/latex/microtype/microtype
.sty
Package: microtype 2025/02/11 v3.2a Micro-typographical refinements (RS)
\MT@toks=\toks26
\MT@tempbox=\box59
\MT@count=\count320
LaTeX Info: Redefining \noprotrusionifhmode on input line 1087.
LaTeX Info: Redefining \leftprotrusion on input line 1088.
\MT@prot@toks=\toks27
LaTeX Info: Redefining \rightprotrusion on input line 1107.
LaTeX Info: Redefining \textls on input line 1449.
\MT@outer@kern=\dimen190
LaTeX Info: Redefining \microtypecontext on input line 2053.
LaTeX Info: Redefining \textmicrotypecontext on input line 2070.
\MT@listname@count=\count321

(C:/Users/Gamergurl/AppData/Local/Programs/MiKTeX/tex/latex/microtype/microtype
-luatex.def
File: microtype-luatex.def 2025/02/11 v3.2a Definitions specific to luatex (RS)

Lua module: microtype 2025/02/11 v3.2a microtype module.
Module microtype Info: overwriting function `keepligature' on input line 63
LaTeX Info: Redefining \lsstyle on input line 779.
LaTeX Info: Redefining \lslig on input line 779.
\MT@outer@space=\skip193
)
Package microtype Info: Loading configuration file microtype.cfg.

(C:/Users/Gamergurl/AppData/Local/Programs/MiKTeX/tex/latex/microtype/microtype
.cfg
File: microtype.cfg 2025/02/11 v3.2a microtype main configuration file (RS)
)
LaTeX Info: Redefining \microtypesetup on input line 3065.
)
(C:/Users/Gamergurl/AppData/Local/Programs/MiKTeX/tex/latex/datetime/datetime.s
ty
Package: datetime 2015/03/20 v2.60 Date Time Package

(C:/Users/Gamergurl/AppData/Local/Programs/MiKTeX/tex/latex/fmtcount/fmtcount.s
ty
Package: fmtcount 2025/02/09 v3.10 Displaying the values of LaTeX counters (NT,
VB,NE)
 (C:/Users/Gamergurl/AppData/Local/Programs/MiKTeX/tex/latex/base/ifthen.sty
Package: ifthen 2024/03/16 v1.1e Standard LaTeX ifthen package (DPC)
)
(C:/Users/Gamergurl/AppData/Local/Programs/MiKTeX/tex/latex/xkeyval/xkeyval.sty
Package: xkeyval 2022/06/16 v2.9 package option processing (HA)

(C:/Users/Gamergurl/AppData/Local/Programs/MiKTeX/tex/generic/xkeyval/xkeyval.t
ex
(C:/Users/Gamergurl/AppData/Local/Programs/MiKTeX/tex/generic/xkeyval/xkvutils.
tex
\XKV@toks=\toks28
\XKV@tempa@toks=\toks29
)
\XKV@depth=\count322
File: xkeyval.tex 2014/12/03 v2.7a key=value parser (HA)
))
(C:/Users/Gamergurl/AppData/Local/Programs/MiKTeX/tex/latex/fmtcount/fcprefix.s
ty
Package: fcprefix 2012/09/28

(C:/Users/Gamergurl/AppData/Local/Programs/MiKTeX/tex/latex/fmtcount/fcnumparse
r.sty
Package: fcnumparser 2017/06/15
\fc@digit@counter=\count323
))
(C:/Users/Gamergurl/AppData/Local/Programs/MiKTeX/tex/latex/amsmath/amsgen.sty
File: amsgen.sty 1999/11/30 v2.0 generic functions
\@emptytoks=\toks30
\ex@=\dimen191
)
\c@padzeroesN=\count324
\fc@tmpcatcode=\count325
\@DT@modctr=\count326
\@ordinalctr=\count327
\@orgargctr=\count328
\@strctr=\count329
\@tmpstrctr=\count330
\@DT@loopN=\count331
\@DT@X=\count332

Package fmtcount Warning: \ordinal already defined use \FCordinal instead. on i
nput line 438.

)
(C:/Users/Gamergurl/AppData/Local/Programs/MiKTeX/tex/latex/datetime/datetime-d
efaults.sty
Package: datetime-defaults 2013/09/10
)
\@day=\count333
\@month=\count334
\@year=\count335
\c@HOUR=\count336
\c@HOURXII=\count337
\c@MINUTE=\count338
\c@TOHOUR=\count339
\c@TOMINUTE=\count340
\c@SECOND=\count341
\currenthour=\count342
\currentminute=\count343
\currentsecond=\count344
Package datetime Info: No datetime.cfg file found, using default settings on in
put line 308.
\@dtctr=\count345
\dayofyear=\count346
\dayofweek=\count347
LaTeX Info: Redefining \today on input line 736.
\dt@a=\toks31
\dt@b=\toks32
)
(C:/Users/Gamergurl/AppData/Local/Programs/MiKTeX/tex/latex/polyglossia/polyglo
ssia.sty
Package: polyglossia 2025/01/31 v2.4 Modern multilingual typesetting with XeLaT
eX and LuaLaTeX

(C:/Users/Gamergurl/AppData/Local/Programs/MiKTeX/tex/latex/fontspec/fontspec.s
ty
Package: fontspec 2024/05/11 v2.9e Font selection for XeLaTeX and LuaLaTeX
Lua module: fontspec 2024/05/11 v2.9e Font selection for XeLaTeX and LuaLaTeX
(C:/Users/Gamergurl/AppData/Local/Programs/MiKTeX/tex/latex/fontspec/fontspec-l
uatex.sty
Package: fontspec-luatex 2024/05/11 v2.9e Font selection for XeLaTeX and LuaLaT
eX
\l__fontspec_script_int=\count348
\l__fontspec_language_int=\count349
\l__fontspec_strnum_int=\count350
\l__fontspec_tmp_int=\count351
\l__fontspec_tmpa_int=\count352
\l__fontspec_tmpb_int=\count353
\l__fontspec_tmpc_int=\count354
\l__fontspec_em_int=\count355
\l__fontspec_emdef_int=\count356
\l__fontspec_strong_int=\count357
\l__fontspec_strongdef_int=\count358
\l__fontspec_tmpa_dim=\dimen192
\l__fontspec_tmpb_dim=\dimen193
\l__fontspec_tmpc_dim=\dimen194

(C:/Users/Gamergurl/AppData/Local/Programs/MiKTeX/tex/latex/base/fontenc.sty
Package: fontenc 2021/04/29 v2.0v Standard LaTeX package
)
(C:/Users/Gamergurl/AppData/Local/Programs/MiKTeX/tex/latex/fontspec/fontspec.c
fg)))
Lua module: polyglossia 2013/05/11 v1.3 Polyglossia
\l_xpg_alias_keyvals_int=\count359

(C:/Users/Gamergurl/AppData/Local/Programs/MiKTeX/tex/latex/polyglossia/gloss-l
atex.ldf
File: gloss-latex.ldf polyglossia: module for default language
)

Package polyglossia Info: Setting LuaTeX font renderer to Harfbuzz

)
(C:/Users/Gamergurl/AppData/Local/Programs/MiKTeX/tex/latex/polyglossia/gloss-e
nglish.ldf
File: gloss-english.ldf polyglossia: module for English
)

Package polyglossia Info: Default language is english


(C:/Users/Gamergurl/AppData/Local/Programs/MiKTeX/tex/latex/polyglossia/gloss-c
zech.ldf
File: gloss-czech.ldf polyglossia: module for Czech
Module polyglossia Info: Language data for czech
(polyglossia)            hyphenation	hyph-cs.hyp.txt
(polyglossia)            lefthyphenmin	2
(polyglossia)            loader	loadhyph-cs.tex
(polyglossia)            patterns	hyph-cs.pat.txt
(polyglossia)            righthyphenmin	3
(polyglossia)            synonyms	 on input line 14
Module polyglossia Info: Language czech was not yet loaded; created with id 2 on
 input line 14

(C:/Users/Gamergurl/AppData/Local/Programs/MiKTeX/tex/luatex/luavlna/luavlna.st
y
Package: luavlna 2024-05-02 luavlna

(C:/Users/Gamergurl/AppData/Local/Programs/MiKTeX/tex/luatex/luavlna/luavlna.te
x
Inserting `LuaVlna' in `pre_linebreak_filter'.
Inserting `allow hyphen breaks' in `hyphenate'.))
(C:/Users/Gamergurl/AppData/Local/Programs/MiKTeX/tex/latex/polyglossia/babelsh
.def
File: babelsh.def 2022/06/21 Babel common definitions for shorthands
 Taken verbatim from babel files (2022/06/06 v3.76)
)
Package babel Info: Making " an active character on input line 42.
)
(C:/Users/Gamergurl/AppData/Local/Programs/MiKTeX/tex/latex/polyglossia/gloss-h
ebrew.ldf
File: gloss-hebrew.ldf polyglossia: module for Hebrew

(C:/Users/Gamergurl/AppData/Local/Programs/MiKTeX/tex/lualatex/luabidi/luabidi.
sty
Package: luabidi 2023/10/01 v0.6 Bidirectional typesetting in LuaTeX

(C:/Users/Gamergurl/AppData/Local/Programs/MiKTeX/tex/lualatex/luabidi/luabidi-
footnotes.def
\footnoterulewidth=\skip194
))
(C:/Users/Gamergurl/AppData/Local/Programs/MiKTeX/tex/latex/polyglossia/hebrewc
al.sty
Package: hebrewcal 2022/07/18 v2.8 Hebrew calendar for polyglossia (adapted fro
m hebcal.sty in Babel)

(C:/Users/Gamergurl/AppData/Local/Programs/MiKTeX/tex/latex/polyglossia/cal-uti
l.def
\c@tmpA=\count360
\c@tmpB=\count361
\c@tmpC=\count362
\c@tmpD=\count363
\c@tmpE=\count364
\c@tmpF=\count365
)
\hebrewday=\count366
\hebrewmonth=\count367
\hebrewyear=\count368
\@common=\count369
)
(C:/Users/Gamergurl/AppData/Local/Programs/MiKTeX/tex/latex/polyglossia/babel-h
ebrewalph.def
File: babel-hebrewalph.def 2023/06/01 Expandable definitions for Hebrew numeral
s
))
(C:/Users/Gamergurl/AppData/Local/Programs/MiKTeX/tex/latex/xcolor/xcolor.sty
Package: xcolor 2024/09/29 v3.02 LaTeX color extensions (UK)

(C:/Users/Gamergurl/AppData/Local/Programs/MiKTeX/tex/latex/graphics-cfg/color.
cfg
File: color.cfg 2016/01/02 v1.6 sample color configuration
)
Package xcolor Info: Driver file: luatex.def on input line 274.

(C:/Users/Gamergurl/AppData/Local/Programs/MiKTeX/tex/latex/graphics-def/luatex
.def
File: luatex.def 2024/04/13 v1.2e Graphics/color driver for luatex
)
(C:/Users/Gamergurl/AppData/Local/Programs/MiKTeX/tex/latex/graphics/mathcolor.
ltx)
Package xcolor Info: Model `cmy' substituted by `cmy0' on input line 1349.
Package xcolor Info: Model `hsb' substituted by `rgb' on input line 1353.
Package xcolor Info: Model `RGB' extended on input line 1365.
Package xcolor Info: Model `HTML' substituted by `rgb' on input line 1367.
Package xcolor Info: Model `Hsb' substituted by `hsb' on input line 1368.
Package xcolor Info: Model `tHsb' substituted by `hsb' on input line 1369.
Package xcolor Info: Model `HSB' substituted by `hsb' on input line 1370.
Package xcolor Info: Model `Gray' substituted by `gray' on input line 1371.
Package xcolor Info: Model `wave' substituted by `hsb' on input line 1372.
) (./rubrics.sty

LaTeX Warning: You have requested file `',
               but the file provides `rubrics'.

Package: rubrics 
(./styling.sty
Package: styling 

(C:/Users/Gamergurl/AppData/Local/Programs/MiKTeX/tex/latex/tools/multicol.sty
Package: multicol 2024/09/14 v1.9i multicolumn formatting (FMi)
\c@tracingmulticols=\count370
\mult@box=\box60
\multicol@leftmargin=\dimen195
\c@unbalance=\count371
\c@collectmore=\count372
\doublecol@number=\count373
\multicoltolerance=\count374
\multicolpretolerance=\count375
\full@width=\dimen196
\page@free=\dimen197
\premulticols=\dimen198
\postmulticols=\dimen199
\multicolsep=\skip195
\multicolbaselineskip=\skip196
\partial@page=\box61
\last@line=\box62
\mc@boxedresult=\box63
\maxbalancingoverflow=\dimen256
\mult@rightbox=\box64
\mult@grightbox=\box65
\mult@firstbox=\box66
\mult@gfirstbox=\box67
\@tempa=\box68
\@tempa=\box69
\@tempa=\box70
\@tempa=\box71
\@tempa=\box72
\@tempa=\box73
\@tempa=\box74
\@tempa=\box75
\@tempa=\box76
\@tempa=\box77
\@tempa=\box78
\@tempa=\box79
\@tempa=\box80
\@tempa=\box81
\@tempa=\box82
\@tempa=\box83
\@tempa=\box84
\@tempa=\box85
\@tempa=\box86
\@tempa=\box87
\@tempa=\box88
\@tempa=\box89
\@tempa=\box90
\@tempa=\box91
\@tempa=\box92
\@tempa=\box93
\@tempa=\box94
\@tempa=\box95
\@tempa=\box96
\@tempa=\box97
\@tempa=\box98
\@tempa=\box99
\@tempa=\box100
\@tempa=\box101
\@tempa=\box102
\@tempa=\box103
\c@minrows=\count376
\c@columnbadness=\count377
\c@finalcolumnbadness=\count378
\last@try=\dimen257
\multicolovershoot=\dimen258
\multicolundershoot=\dimen259
\mult@nat@firstbox=\box104
\colbreak@box=\box105
\mc@col@check@num=\count379
))
(C:/Users/Gamergurl/AppData/Local/Programs/MiKTeX/tex/latex/bigfoot/suffix.sty
Package: suffix 2006/07/15 1.5a Variant command support
)
(C:/Users/Gamergurl/AppData/Local/Programs/MiKTeX/tex/latex/paracol/paracol.sty
Package: paracol 2024/10/22 1.36 typeset columns in parallel
\pcol@currcol=\count380
\pcol@nextcol=\count381
\pcol@ncol=\count382
\pcol@ncolleft=\count383
\pcol@page=\count384
\pcol@basepage=\count385
\pcol@toppage=\count386
\pcol@footnotebase=\count387
\pcol@nfootnotes=\count388
\pcol@mcid=\count389
\pcol@prevdepth=\dimen260
\pcol@colht=\dimen261
\pcol@textfloatsep=\dimen262
\pcol@lrmargin=\dimen263
\pagerim=\dimen264
\pcol@topskip=\skip197
\belowfootnoteskip=\skip198
\pcol@topfnotes=\box106
\pcol@prespan=\box107
\pcol@rightpage=\box108
\pcol@colorstack@saved=\box109
\pcol@tempboxa=\box110
\pcol@tempboxb=\box111
\pcol@colorins=\insert247
\pcol@everyvbox=\toks33
)
(C:/Users/Gamergurl/AppData/Local/Programs/MiKTeX/tex/latex/scalerel/scalerel.s
ty
Package: scalerel 2016/12/29 v1.8 Routines for constrained scaling and stretchi
ng of objects, relative to a reference object or in absolute terms
 (C:/Users/Gamergurl/AppData/Local/Programs/MiKTeX/tex/latex/tools/calc.sty
Package: calc 2023/07/08 v4.3 Infix arithmetic (KKT,FJ)
\calc@Acount=\count390
\calc@Bcount=\count391
\calc@Adimen=\dimen265
\calc@Bdimen=\dimen266
\calc@Askip=\skip199
\calc@Bskip=\skip256
LaTeX Info: Redefining \setlength on input line 80.
LaTeX Info: Redefining \addtolength on input line 81.
\calc@Ccount=\count392
\calc@Cskip=\skip257
)
(C:/Users/Gamergurl/AppData/Local/Programs/MiKTeX/tex/latex/graphics/graphicx.s
ty
Package: graphicx 2021/09/16 v1.2d Enhanced LaTeX Graphics (DPC,SPQR)

(C:/Users/Gamergurl/AppData/Local/Programs/MiKTeX/tex/latex/graphics/graphics.s
ty
Package: graphics 2024/08/06 v1.4g Standard LaTeX Graphics (DPC,SPQR)

(C:/Users/Gamergurl/AppData/Local/Programs/MiKTeX/tex/latex/graphics/trig.sty
Package: trig 2023/12/02 v1.11 sin cos tan (DPC)
)
(C:/Users/Gamergurl/AppData/Local/Programs/MiKTeX/tex/latex/graphics-cfg/graphi
cs.cfg
File: graphics.cfg 2016/06/04 v1.11 sample graphics configuration
)
Package graphics Info: Driver file: luatex.def on input line 106.
)
\Gin@req@height=\dimen267
\Gin@req@width=\dimen268
)
\thesrwidth=\skip258
\thesrheight=\skip259
\srblobheight=\skip260
\srblobdepth=\skip261
\mnxsrwidth=\skip262
\LMex=\skip263
\LMpt=\skip264
)
(C:/Users/Gamergurl/AppData/Local/Programs/MiKTeX/tex/latex/anyfontsize/anyfont
size.sty
Package: anyfontsize 2007/11/22 anyfontsize.sty by pts
)
(C:/Users/Gamergurl/AppData/Local/Programs/MiKTeX/tex/latex/stackengine/stacken
gine.sty
Package: stackengine 2021/07/22 v4.11\ Stacking text and objects in convenient 
ways

(C:/Users/Gamergurl/AppData/Local/Programs/MiKTeX/tex/latex/listofitems/listofi
tems.sty
(C:/Users/Gamergurl/AppData/Local/Programs/MiKTeX/tex/generic/listofitems/listo
fitems.tex
\loi_cnt_foreach_nest=\count393
\loi_nestcnt=\count394
)
Package: listofitems 2024/03/09 v1.65 Grab items in lists using user-specified 
sep char (CT)
)
\c@@stackindex=\count395
\@boxshift=\skip265
\stack@tmplength=\skip266
\temp@stkl=\skip267
\@stackedboxwidth=\skip268
\@addedbox=\box112
\@anchorbox=\box113
\@insetbox=\box114
\se@backgroundbox=\box115
\stackedbox=\box116
\@centerbox=\box117
\c@ROWcellindex@=\count396
)
(C:/Users/Gamergurl/AppData/Local/Programs/MiKTeX/tex/latex/hyperref/hyperref.s
ty
Package: hyperref 2024-11-05 v7.01l Hypertext links for LaTeX

(C:/Users/Gamergurl/AppData/Local/Programs/MiKTeX/tex/generic/kvdefinekeys/kvde
finekeys.sty
Package: kvdefinekeys 2019-12-19 v1.6 Define keys (HO)
)
(C:/Users/Gamergurl/AppData/Local/Programs/MiKTeX/tex/generic/pdfescape/pdfesca
pe.sty
Package: pdfescape 2019/12/09 v1.15 Implements pdfTeX's escape features (HO)

(C:/Users/Gamergurl/AppData/Local/Programs/MiKTeX/tex/generic/pdftexcmds/pdftex
cmds.sty
Package: pdftexcmds 2020-06-27 v0.33 Utility functions of pdfTeX for LuaTeX (HO
)
Package pdftexcmds Info: \pdf@primitive is available.
Package pdftexcmds Info: \pdf@ifprimitive is available.
Package pdftexcmds Info: \pdfdraftmode found.
\pdftexcmds@toks=\toks34
))
(C:/Users/Gamergurl/AppData/Local/Programs/MiKTeX/tex/latex/hycolor/hycolor.sty
Package: hycolor 2020-01-27 v1.10 Color options for hyperref/bookmark (HO)
)
(C:/Users/Gamergurl/AppData/Local/Programs/MiKTeX/tex/generic/stringenc/stringe
nc.sty
Package: stringenc 2019/11/29 v1.12 Convert strings between diff. encodings (HO
)
)
\@linkdim=\dimen269
\Hy@linkcounter=\count397
\Hy@pagecounter=\count398

(C:/Users/Gamergurl/AppData/Local/Programs/MiKTeX/tex/latex/hyperref/pd1enc.def
File: pd1enc.def 2024-11-05 v7.01l Hyperref: PDFDocEncoding definition (HO)
)
(C:/Users/Gamergurl/AppData/Local/Programs/MiKTeX/tex/generic/intcalc/intcalc.s
ty
Package: intcalc 2019/12/15 v1.3 Expandable calculations with integers (HO)
)
\Hy@SavedSpaceFactor=\count399

(C:/Users/Gamergurl/AppData/Local/Programs/MiKTeX/tex/latex/hyperref/puenc.def
File: puenc.def 2024-11-05 v7.01l Hyperref: PDF Unicode definition (HO)
)
Package hyperref Info: Option `final' set `true' on input line 4040.
Package hyperref Info: Hyper figures OFF on input line 4157.
Package hyperref Info: Link nesting OFF on input line 4162.
Package hyperref Info: Hyper index ON on input line 4165.
Package hyperref Info: Plain pages OFF on input line 4172.
Package hyperref Info: Backreferencing OFF on input line 4177.
Package hyperref Info: Implicit mode ON; LaTeX internals redefined.
Package hyperref Info: Bookmarks ON on input line 4424.
\c@Hy@tempcnt=\count400
(C:/Users/Gamergurl/AppData/Local/Programs/MiKTeX/tex/latex/url/url.sty
\Urlmuskip=\muskip17
Package: url 2013/09/16  ver 3.4  Verb mode for urls, etc.
)
LaTeX Info: Redefining \url on input line 4763.
\XeTeXLinkMargin=\dimen270

(C:/Users/Gamergurl/AppData/Local/Programs/MiKTeX/tex/generic/bitset/bitset.sty
Package: bitset 2019/12/09 v1.3 Handle bit-vector datatype (HO)

(C:/Users/Gamergurl/AppData/Local/Programs/MiKTeX/tex/generic/bigintcalc/bigint
calc.sty
Package: bigintcalc 2019/12/15 v1.5 Expandable calculations on big integers (HO
)
))
\Fld@menulength=\count401
\Field@Width=\dimen271
\Fld@charsize=\dimen272
Package hyperref Info: Hyper figures OFF on input line 6042.
Package hyperref Info: Link nesting OFF on input line 6047.
Package hyperref Info: Hyper index ON on input line 6050.
Package hyperref Info: backreferencing OFF on input line 6057.
Package hyperref Info: Link coloring OFF on input line 6062.
Package hyperref Info: Link coloring with OCG OFF on input line 6067.
Package hyperref Info: PDF/A mode OFF on input line 6072.

(C:/Users/Gamergurl/AppData/Local/Programs/MiKTeX/tex/latex/base/atbegshi-ltx.s
ty
Package: atbegshi-ltx 2021/01/10 v1.0c Emulation of the original atbegshi
package with kernel methods
)
\Hy@abspage=\count402
\c@Item=\count403
\c@Hfootnote=\count404
)
Package hyperref Info: Driver (autodetected): hluatex.

(C:/Users/Gamergurl/AppData/Local/Programs/MiKTeX/tex/latex/hyperref/hluatex.de
f
File: hluatex.def 2024-11-05 v7.01l Hyperref driver for luaTeX

(C:/Users/Gamergurl/AppData/Local/Programs/MiKTeX/tex/latex/base/atveryend-ltx.
sty
Package: atveryend-ltx 2020/08/19 v1.0a Emulation of the original atveryend pac
kage
with kernel methods
)
\Fld@listcount=\count405
\c@bookmark@seq@number=\count406

(C:/Users/Gamergurl/AppData/Local/Programs/MiKTeX/tex/latex/rerunfilecheck/reru
nfilecheck.sty
Package: rerunfilecheck 2022-07-10 v1.10 Rerun checks for auxiliary files (HO)

(C:/Users/Gamergurl/AppData/Local/Programs/MiKTeX/tex/generic/uniquecounter/uni
quecounter.sty
Package: uniquecounter 2019/12/15 v1.4 Provide unlimited unique counter (HO)
)
Package uniquecounter Info: New unique counter `rerunfilecheck' on input line 2
85.
)
\Hy@SectionHShift=\skip269
)
(C:/Users/Gamergurl/AppData/Local/Programs/MiKTeX/tex/latex/memoir/memhfixc.sty
Package: memhfixc 2025/03/06 v1.23 hyperref package fixes for memoir class
\c@memhycontfloat=\count407
\c@mem@Hpagenote=\count408
)
(C:/Users/Gamergurl/AppData/Local/Programs/MiKTeX/tex/lualatex/gregoriotex/greg
oriotex.sty
Package: gregoriotex 2025/02/28 v6.1.0 GregorioTeX system.

(C:/Users/Gamergurl/AppData/Local/Programs/MiKTeX/tex/latex/luacolor/luacolor.s
ty
Package: luacolor 2023-08-18 v1.18 Color support via LuaTeX's attributes (HO)
Inserting `luacolor.process' in `pre_shipout_filter'.
\LuaCol@Attribute=\attribute4
)
(C:/Users/Gamergurl/AppData/Local/Programs/MiKTeX/tex/luatex/luatexbase/luatexb
ase.sty
Package: luatexbase 2015/10/04 v1.3 luatexbase interface to LuaTeX 

(C:/Users/Gamergurl/AppData/Local/Programs/MiKTeX/tex/luatex/ctablestack/ctable
stack.sty
Package: ctablestack 2015/10/01 v1.0 Catcode table stable support
\@catcodetablestackcnt=\count409
)
\CatcodeTableOther=\catcodetable14
\CatcodeTableExpl=\catcodetable15
)
(C:/Users/Gamergurl/AppData/Local/Programs/MiKTeX/tex/luatex/luamplib/luamplib.
sty
Package: luamplib 2025/03/20 v2.37.2 mplib package for LuaTeX
Lua module: luamplib 2025/03/20 v2.37.2 Lua package to typeset Metapost with Lua
TeX's MPLib.
\luamplibcctabexplat=\catcodetable16
\mplibtmptoks=\toks35
\mplibscratchbox=\box118
)
(C:/Users/Gamergurl/AppData/Local/Programs/MiKTeX/tex/latex/xstring/xstring.sty

(C:/Users/Gamergurl/AppData/Local/Programs/MiKTeX/tex/generic/xstring/xstring.t
ex
\xs_counta=\count410
\xs_countb=\count411
)
Package: xstring 2023/08/22 v1.86 String manipulations (CT)
)
(C:/Users/Gamergurl/AppData/Local/Programs/MiKTeX/tex/luatex/gregoriotex/gregor
iotex-main.tex
(C:/Users/Gamergurl/AppData/Local/Programs/MiKTeX/tex/luatex/gregoriotex/gregor
iotex-common.tex
\gre@count@parsecommas@cur=\count412
)
\gre@attr@part=\attribute5
\gre@attr@dash=\attribute6
\gre@attr@center=\attribute7
\GreScoreId=\attribute8
\gre@attr@glyph@id=\attribute9
\gre@attr@glyph@top=\attribute10
\gre@attr@glyph@bottom=\attribute11
\gre@attr@syllable@id=\attribute12
\gre@attr@alteration@id=\attribute13
\gre@attr@alteration@pitch=\attribute14
\gre@attr@alteration@type=\attribute15
\gre@atletter=\catcodetable17
Lua module: gregoriotex 2025/02/28 v6.1.0 GregorioTeX module.
Custom whatsit marker = 1
Module gregoriotex Info: marker whatsit id is 1 on input line 141

(haggadah.gaux)
Inserting `gregoriotex.write_greaux' in `finish_pdffile'.
\gre@gaux=\write4
\gre@read@temp=\read3
\gre@factor=\count413

(C:/Users/Gamergurl/AppData/Local/Programs/MiKTeX/tex/luatex/gregoriotex/gregor
iotex-spaces.tex
\gre@saved@prescore@hyphenpenalty=\count414
\gre@saved@prescore@exhyphenpenalty=\count415
\gre@saved@prescore@exhyphenchar=\count416
\gre@saved@prescore@doublehyphendemerits=\count417
\gre@saved@prescore@finalhyphendemerits=\count418
\gre@saved@prescore@brokenpenalty=\count419
\gre@saved@prescore@looseness=\count420
\gre@saved@prescore@tolerance=\count421
\gre@saved@prescore@pretolerance=\count422
\gre@saved@prescore@emergencystretch=\skip270
\gre@saved@prescore@widowpenalty=\count423
\gre@saved@prescore@clubpenalty=\count424
\gre@saved@prescore@parskip=\skip271
\gre@saved@prescore@lineskip=\skip272
\gre@saved@prescore@baselineskip=\skip273
\gre@saved@prescore@lineskiplimit=\skip274
\gre@dimen@textlower=\dimen273
\gre@dimen@stafflinewidth=\dimen274
\gre@dimen@linewidth=\dimen275
\gre@dimen@stafflineheight=\dimen276
\gre@dimen@interstafflinespace=\dimen277
\gre@dimen@stafflinediff=\dimen278
\gre@dimen@constantglyphraise=\dimen279
\gre@dimen@staffheight=\dimen280
\gre@skip@syllablefinalskip=\skip275
\gre@skip@minTextDistance=\skip276
\gre@skip@minNotesDistance=\skip277
\gre@dimen@curTextDistance=\dimen281
\gre@dimen@curNotesDistance=\dimen282
\gre@skip@minShiftText=\skip278
\gre@skip@minShiftNotes=\skip279
\gre@dimen@bolshift=\dimen283
\gre@dimen@bolextra=\dimen284
\gre@dimen@clefwidth@current=\dimen285
\gre@dimen@clefwidth@largest=\dimen286
\gre@dimen@clefwidth@bol=\dimen287
\gre@dimen@eolshift=\dimen288
\gre@dimen@glyphraisevalue=\dimen289
\gre@dimen@additionalbottomspace=\dimen290
\gre@dimen@additionaltopspace=\dimen291
\gre@dimen@additionaltopspacealt=\dimen292
\gre@dimen@additionaltopspacenabc=\dimen293
\gre@space@count@additionaltopspacethreshold=\count425
\gre@space@count@additionaltopspacealtthreshold=\count426
\gre@space@count@additionaltopspacenabcthreshold=\count427
\gre@space@count@noteadditionalspacelinestextthreshold=\count428
\gre@saved@prediscretionary@dimen@additionalbottomspace=\dimen294
\gre@saved@prediscretionary@dimen@additionaltopspace=\dimen295
\gre@saved@prediscretionary@dimen@additionaltopspacealt=\dimen296
\gre@saved@prediscretionary@dimen@additionaltopspacenabc=\dimen297
\gre@saved@prediscretionary@dimen@currenttranslationheight=\dimen298
\gre@saved@prediscretionary@dimen@textlower=\dimen299
\gre@saved@prediscretionary@dimen@currentabovelinestextheight=\dimen300
\gre@saved@prediscretionary@dimen@constantglyphraise=\dimen301
\gre@dimen@textaligncenter=\dimen302
\gre@dimen@enddifference=\dimen303
\gre@dimen@previousenddifference=\dimen304
\gre@dimen@currenttranslationheight=\dimen305
\gre@skip@nextbegindifference=\skip280
\gre@dimen@annotationtrueraise=\dimen306
\gre@dimen@commentarytrueraise=\dimen307
\gre@skip@bar@requirement=\skip281
\gre@skip@bar@allocation=\skip282
\gre@dimen@bar@shift=\dimen308
\gre@skip@text@requirement=\skip283
\gre@skip@text@allocation=\skip284
\gre@dimen@text@shift=\dimen309
\gre@dimen@adjustedpreviousenddifference=\dimen310
\gre@skip@adjustednextbegindifference=\dimen311
\gre@skip@punctummorashift=\skip285
\gre@skip@alterationshift=\skip286
\gre@dimen@begindifference=\dimen312
\gre@dimen@lastglyphwidth=\dimen313
\gre@dimen@notesaligncenter=\dimen314
\gre@dimen@initialwidth=\dimen315
\gre@dimen@currentabovelinestextheight=\dimen316
\gre@dimen@temp@one=\dimen317
\gre@dimen@temp@two=\dimen318
\gre@dimen@temp@three=\dimen319
\gre@dimen@temp@four=\dimen320
\gre@dimen@temp@five=\dimen321
\gre@skip@temp@one=\skip287
\gre@skip@temp@two=\skip288
\gre@skip@temp@three=\skip289
\gre@skip@temp@four=\skip290
\gre@count@temp@one=\count429
\gre@count@temp@two=\count430
\gre@count@temp@three=\count431
\gre@space@count@newlinepenalty=\count432
\gre@space@count@nobreakpenalty=\count433
\gre@space@count@endofwordpenalty=\count434
\gre@space@count@endofsyllablepenalty=\count435
\gre@space@count@endafterbarpenalty=\count436
\gre@space@count@endafterbaraltpenalty=\count437
\gre@space@count@finalpenalty=\count438
\gre@space@count@endofelementpenalty=\count439
\gre@space@count@hyphenpenalty=\count440
\gre@space@count@brokenpenalty=\count441
\gre@space@count@looseness=\count442
\gre@space@count@tolerance=\count443
\gre@space@count@pretolerance=\count444
\gre@space@count@widowpenalty=\count445
\gre@space@count@clubpenalty=\count446
\greconffactor=\count447
)
\gre@box@temp@width=\box119
\gre@box@initial=\box120
\gre@count@initialposition=\count448
\gre@count@initialanchor=\count449
\gre@box@annotation=\box121
\gre@box@add=\box122
\gre@box@old=\box123
\gre@count@annotationvalign=\count450
\gre@box@commentary=\box124
\gre@box@lines=\box125
Module gregoriotex Info: Registering variant font greciliae as gre@font@variant@
A. on input line 865
Module gregoriotex Info: Registering variant font greciliae-hollow as gre@font@v
ariant@B. on input line 865
Module gregoriotex Info: Registering variant font greciliae-hole as gre@font@var
iant@C. on input line 865
luaotfload | cache : Lookup cache loaded from C:/Users/Gamergurl/AppData/Local/M
iKTeX/luatex-cache/generic/names/luaotfload-lookup-cache.luc.
Module gregoriotex Info: Mapping font greciliae on input line 870
Module gregoriotex Info: Mapping font greciliae-hollow on input line 870
Module gregoriotex Info: Mapping font greciliae-hole on input line 870

(C:/Users/Gamergurl/AppData/Local/Programs/MiKTeX/tex/luatex/gregoriotex/gregor
iotex-chars.tex
\gre@box@hep=\box126
)
(C:/Users/Gamergurl/AppData/Local/Programs/MiKTeX/tex/luatex/gregoriotex/gregor
iotex-signs.tex
\gre@box@temp@clef=\box127
\gre@box@temp@cleftwo=\box128
\greslurheight=\dimen322
\gre@box@temp@sign=\box129
\gre@count@shiftaftermora=\count451
\gre@dimen@morawidth=\dimen323
\gre@skip@bar@lastskip=\skip291
\gre@count@lastglyphiscavum=\count452
)
(C:/Users/Gamergurl/AppData/Local/Programs/MiKTeX/tex/luatex/gregoriotex/gregor
iotex-syllable.tex
\gre@generate@pointandclick=\count453
\gre@box@syllablenotes=\box130
\gre@box@syllabletext=\box131
\gre@clivisalignment=\count454
\gre@count@unbreakabletotalnotes=\count455
\gre@count@unbreakableinitialnotes=\count456
\gre@count@unbreakablefinalnotes=\count457
\gre@count@syllablenotes=\count458
\gre@count@initiallines=\count459
)
\gre@variableheightexpansion=\count460
\gre@count@stafflines=\count461
\gre@lastoflinecount=\count462
\gre@saved@prenlba@nobreakpenalty=\count463
\gre@saved@prenlba@endofwordpenalty=\count464
\gre@saved@prenlba@endofsyllablepenalty=\count465
\gre@saved@prenlba@endafterbarpenalty=\count466
\gre@saved@prenlba@endafterbaraltpenalty=\count467
\gre@saved@prenlba@endofelementpenalty=\count468
\gre@saved@prenlba@hyphenpenalty=\count469
\gre@lasteuouaeindex=\count470

(C:/Users/Gamergurl/AppData/Local/Programs/MiKTeX/tex/luatex/gregoriotex/gregor
iotex-symbols.tex
Module gregoriotex Info: Registering variant font greextra as gre@font@variant@D
. on input line 53
)
\gre@dimen@stafflinethicknessbase=\dimen324
\gre@dimen@glyphraisebase=\dimen325
\gre@dimen@interstafflinedistancebase=\dimen326
\gre@dimen@inclinatumonlinemoravshiftbase=\dimen327
\gre@dimen@inclinatumonlinemorahshiftbase=\dimen328
\gre@dimen@inclinatumofflinemorahshiftbase=\dimen329

(C:/Users/Gamergurl/AppData/Local/Programs/MiKTeX/tex/luatex/gregoriotex/gregor
iotex-gsp-default.tex)
(C:/Users/Gamergurl/AppData/Local/Programs/MiKTeX/tex/luatex/gregoriotex/gregor
iotex-nabc.tex)))
\psalmskip=\skip292
\psalmquoteskip=\skip293
\readingskip=\skip294


! LaTeX Error: Command \h undefined.

See the LaTeX manual or LaTeX Companion for explanation.
Type  H <return>  for immediate help.
 ...                                              
                                                  
l.94 \renewcommand{\h}
                      [2][]{\selectlanguage{hebrew}}
Try typing  <return>  to proceed.
If that doesn't work, type  X <return>  to quit.

) (./styling.sty

LaTeX Warning: You have requested file `',
               but the file provides `styling'.

Package: styling 

! LaTeX Error: Command \oneColumnTranslation already defined.
               Or name \end... illegal, see p.192 of the manual.

See the LaTeX manual or LaTeX Companion for explanation.
Type  H <return>  for immediate help.
 ...                                              
                                                  
l.7   {\small #1}}
                  
Your command was ignored.
Type  I <command> <return>  to replace it with another command,
or  <return>  to continue without it.


! LaTeX Error: Command \threeColumnTranslation already defined.
               Or name \end... illegal, see p.192 of the manual.

See the LaTeX manual or LaTeX Companion for explanation.
Type  H <return>  for immediate help.
 ...                                              
                                                  
l.13   \end{multicols}}
                       
Your command was ignored.
Type  I <command> <return>  to replace it with another command,
or  <return>  to continue without it.

) (./titlepage.sty

LaTeX Warning: You have requested file `',
               but the file provides `titlepage'.

Package: titlepage 
\TPpreseriesskip=\skip295
\TPpretitleskip=\skip296
\TPpresubtitleskip=\skip297
)

******************************************************
Stock height and width: 597.50787pt by 421.10078pt
Top and edge trims: 0pt and 0pt
Page height and width: 597.50787pt by 421.10078pt
Text height and width: 514pt by 348pt
Spine and edge margins: 36.135pt and 36.135pt
Upper and lower margins: 36.135pt and 47.37288pt
Headheight and headsep: 12pt and 18.06749pt
Footskip: 25.29494pt
Columnsep and columnseprule: 10pt and 0.4pt
Marginparsep and marginparwidth: 7pt and 22.135pt
Sidecapsep and sidecapwidth: 7pt and 51pt
Sidebarhsep and sidebarwidth: 7pt and 51pt
Sidebarvsep and sidebartopsep: 12pt and 0pt
Sidebarheight: 344.39996pt
Sidefoothsep and sidefootwidth: 7pt and 51pt
Sidefootvsep and sidefootheight: 12pt and 344.39996pt
******************************************************

(./couching.tex)
Runaway argument?
{\par \newcommand {\contentsTranslation }{} \newcommand {\Neirot }{ {\ETC.
! File ended while scanning use of \@argdef.
<inserted text> 
                \par 
l.61 \input{couching}
                     
I suspect you have forgotten a `}', causing me
to read past where you wanted me to stop.
I'll try to recover; but if the error is serious,
you'd better type `E' or `X' now and fix your file.

(./blessings.tex

Package polyglossia Info: Default language is english

)
Runaway argument?
{\l {Hallelu hallelu hallelu, hallelu, halleluyah! Kol ha-n’shamah \ETC.
! File ended while scanning use of \@argdef.
<inserted text> 
                \par 
l.62 \input{blessings}
                      
I suspect you have forgotten a `}', causing me
to read past where you wanted me to stop.
I'll try to recover; but if the error is serious,
you'd better type `E' or `X' now and fix your file.

(./haggadah.aux)
\openout1 = haggadah.aux

LaTeX Font Info:    Checking defaults for OML/cmm/m/it on input line 64.
LaTeX Font Info:    ... okay on input line 64.
LaTeX Font Info:    Checking defaults for OMS/cmsy/m/n on input line 64.
LaTeX Font Info:    ... okay on input line 64.
LaTeX Font Info:    Checking defaults for OT1/cmr/m/n on input line 64.
LaTeX Font Info:    ... okay on input line 64.
LaTeX Font Info:    Checking defaults for T1/cmr/m/n on input line 64.
LaTeX Font Info:    ... okay on input line 64.
LaTeX Font Info:    Checking defaults for TS1/cmr/m/n on input line 64.
LaTeX Font Info:    ... okay on input line 64.
LaTeX Font Info:    Checking defaults for TU/lmr/m/n on input line 64.
LaTeX Font Info:    ... okay on input line 64.
LaTeX Font Info:    Checking defaults for OMX/cmex/m/n on input line 64.
LaTeX Font Info:    ... okay on input line 64.
LaTeX Font Info:    Checking defaults for U/cmr/m/n on input line 64.
LaTeX Font Info:    ... okay on input line 64.
LaTeX Font Info:    Checking defaults for PD1/pdf/m/n on input line 64.
LaTeX Font Info:    ... okay on input line 64.
LaTeX Font Info:    Checking defaults for PU/pdf/m/n on input line 64.
LaTeX Font Info:    ... okay on input line 64.
LaTeX Info: Redefining \microtypecontext on input line 64.
Package microtype Info: Applying patch `item' on input line 64.
Package microtype Info: Applying patch `toc' on input line 64.
Package microtype Info: Applying patch `eqnum' on input line 64.
Package microtype Info: Applying patch `footnote' on input line 64.
Package microtype Info: Applying patch `verbatim' on input line 64.
LaTeX Info: Redefining \microtypesetup on input line 64.
Package microtype Info: Generating PDF output.
Package microtype Info: Character protrusion enabled (level 2).
Package microtype Info: Using default protrusion set `alltext'.
Package microtype Info: Automatic font expansion enabled (level 2),
(microtype)             stretch: 20, shrink: 20, step: 1, non-selected.
Package microtype Info: Using default expansion set `alltext-nott'.
LaTeX Info: Redefining \showhyphens on input line 64.
Package microtype Info: No adjustment of tracking.
Package microtype Info: No adjustment of spacing.
Package microtype Info: No adjustment of kerning.

(C:/Users/Gamergurl/AppData/Local/Programs/MiKTeX/tex/latex/microtype/mt-LatinM
odernRoman.cfg
File: mt-LatinModernRoman.cfg 2021/02/21 v1.1 microtype config. file: Latin Mod
ern Roman (RS)
)

Package fontspec Info: 
(fontspec)             Adjusting the maths setup (use [no-math] to avoid
(fontspec)             this).

\symlegacymaths=\mathgroup4
LaTeX Font Info:    Overwriting symbol font `legacymaths' in version `bold'
(Font)                  OT1/cmr/m/n --> OT1/cmr/bx/n on input line 64.
LaTeX Font Info:    Redeclaring math accent \acute on input line 64.
LaTeX Font Info:    Redeclaring math accent \grave on input line 64.
LaTeX Font Info:    Redeclaring math accent \ddot on input line 64.
LaTeX Font Info:    Redeclaring math accent \tilde on input line 64.
LaTeX Font Info:    Redeclaring math accent \bar on input line 64.
LaTeX Font Info:    Redeclaring math accent \breve on input line 64.
LaTeX Font Info:    Redeclaring math accent \check on input line 64.
LaTeX Font Info:    Redeclaring math accent \hat on input line 64.
LaTeX Font Info:    Redeclaring math accent \dot on input line 64.
LaTeX Font Info:    Redeclaring math accent \mathring on input line 64.
LaTeX Font Info:    Redeclaring math symbol \colon on input line 64.
LaTeX Font Info:    Redeclaring math symbol \Gamma on input line 64.
LaTeX Font Info:    Redeclaring math symbol \Delta on input line 64.
LaTeX Font Info:    Redeclaring math symbol \Theta on input line 64.
LaTeX Font Info:    Redeclaring math symbol \Lambda on input line 64.
LaTeX Font Info:    Redeclaring math symbol \Xi on input line 64.
LaTeX Font Info:    Redeclaring math symbol \Pi on input line 64.
LaTeX Font Info:    Redeclaring math symbol \Sigma on input line 64.
LaTeX Font Info:    Redeclaring math symbol \Upsilon on input line 64.
LaTeX Font Info:    Redeclaring math symbol \Phi on input line 64.
LaTeX Font Info:    Redeclaring math symbol \Psi on input line 64.
LaTeX Font Info:    Redeclaring math symbol \Omega on input line 64.
LaTeX Font Info:    Redeclaring math symbol \mathdollar on input line 64.
LaTeX Font Info:    Redeclaring symbol font `operators' on input line 64.
LaTeX Font Info:    Encoding `OT1' has changed to `TU' for symbol font
(Font)              `operators' in the math version `normal' on input line 64.
LaTeX Font Info:    Overwriting symbol font `operators' in version `normal'
(Font)                  OT1/cmr/m/n --> TU/lmr/m/n on input line 64.
LaTeX Font Info:    Encoding `OT1' has changed to `TU' for symbol font
(Font)              `operators' in the math version `bold' on input line 64.
LaTeX Font Info:    Overwriting symbol font `operators' in version `bold'
(Font)                  OT1/cmr/bx/n --> TU/lmr/m/n on input line 64.
LaTeX Font Info:    Overwriting symbol font `operators' in version `normal'
(Font)                  TU/lmr/m/n --> TU/lmr/m/n on input line 64.
LaTeX Font Info:    Overwriting math alphabet `\mathit' in version `normal'
(Font)                  OT1/cmr/m/it --> TU/lmr/m/it on input line 64.
LaTeX Font Info:    Overwriting math alphabet `\mathbf' in version `normal'
(Font)                  OT1/cmr/bx/n --> TU/lmr/b/n on input line 64.
LaTeX Font Info:    Overwriting math alphabet `\mathsf' in version `normal'
(Font)                  OT1/cmss/m/n --> TU/lmss/m/n on input line 64.
LaTeX Font Info:    Overwriting math alphabet `\mathtt' in version `normal'
(Font)                  OT1/cmtt/m/n --> TU/lmtt/m/n on input line 64.
LaTeX Font Info:    Overwriting symbol font `operators' in version `bold'
(Font)                  TU/lmr/m/n --> TU/lmr/b/n on input line 64.
LaTeX Font Info:    Overwriting math alphabet `\mathit' in version `bold'
(Font)                  OT1/cmr/bx/it --> TU/lmr/b/it on input line 64.
LaTeX Font Info:    Overwriting math alphabet `\mathsf' in version `bold'
(Font)                  OT1/cmss/bx/n --> TU/lmss/b/n on input line 64.
LaTeX Font Info:    Overwriting math alphabet `\mathtt' in version `bold'
(Font)                  OT1/cmtt/m/n --> TU/lmtt/b/n on input line 64.

set lang czech, 2

(C:/Users/Gamergurl/AppData/Local/Programs/MiKTeX/tex/context/base/mkii/supp-pd
f.mkii
[Loading MPS to PDF converter (version 2006.09.02).]
\scratchcounter=\count471
\scratchdimen=\dimen330
\scratchbox=\box132
\nofMPsegments=\count472
\nofMParguments=\count473
\everyMPshowfont=\toks36
\MPscratchCnt=\count474
\MPscratchDim=\dimen331
\MPnumerator=\count475
\makeMPintoPDFobject=\count476
\everyMPtoPDFconversion=\toks37
)
(C:/Users/Gamergurl/AppData/Local/Programs/MiKTeX/tex/latex/epstopdf-pkg/epstop
df-base.sty
Package: epstopdf-base 2020-01-24 v2.11 Base part for package epstopdf
Package epstopdf-base Info: Redefining graphics rule for `.eps' on input line 4
85.

(C:/Users/Gamergurl/AppData/Local/Programs/MiKTeX/tex/latex/00miktex/epstopdf-s
ys.cfg
File: epstopdf-sys.cfg 2021/03/18 v2.0 Configuration of epstopdf for MiKTeX
))
Package hyperref Info: Link coloring OFF on input line 64.
 (./haggadah.out) (./haggadah.out)
\@outlinefile=\write5

\openout5 = haggadah.out
Module polyglossia Info: Language data for ukenglish
(polyglossia)            hyphenation	hyph-en-gb.hyp.txt
(polyglossia)            lefthyphenmin	2
(polyglossia)            loader	loadhyph-en-gb.tex
(polyglossia)            patterns	hyph-en-gb.pat.txt
(polyglossia)            righthyphenmin	3
(polyglossia)            synonyms	british,UKenglish on input line 65
Module polyglossia Info: Language ukenglish was not yet loaded; created with id 
3 on input line 65

! Argument of \@xdblarg has an extra }.
<inserted text> 
                \par 
l.71 	\begin
            {itemize}
I've run across a `}' that doesn't seem to match anything.
For example, `\def\a#1{...}' and `\a}' would produce
this error. If you simply proceed now, the `\par' that
I've just inserted will cause me to report a runaway
argument that might be the root of the problem. But if
your `}' was spurious, just type `2' and it will go away.

Runaway argument?
! Paragraph ended before \@xdblarg was complete.
<to be read again> 
                   \par 
l.71 	\begin
            {itemize}
I suspect you've forgotten a `}', causing me to apply this
control sequence to too much text. How can we recover?
My plan is to forget the whole thing and hope for the best.

! Use of ??? doesn't match its definition.
<argument> ???  
                ! LaTeX Error: expandafter invalid in file name. Lost: ifx l...
l.71 	\begin
            {itemize}
If you say, e.g., `\def\a1{...}', then you must always
put `1' after `\a', since control sequence names are
made up of letters only. The macro here has not been
followed by the required stuff, so I'm ignoring it.

! Use of ??? doesn't match its definition.
<argument> ???  
                ! LaTeX Error: expandafter invalid in file name. Lost: ifx l...
l.71 	\begin
            {itemize}
If you say, e.g., `\def\a1{...}', then you must always
put `1' after `\a', since control sequence names are
made up of letters only. The macro here has not been
followed by the required stuff, so I'm ignoring it.

! Argument of begin has an extra }.
<inserted text> 
                par 
l.71 	\begin
            {itemize}
I've run across a `}' that doesn't seem to match anything.
For example, `\def\a#1{...}' and `\a}' would produce
this error. If you simply proceed now, the `\par' that
I've just inserted will cause me to report a runaway
argument that might be the root of the problem. But if
your `}' was spurious, just type `2' and it will go away.

Runaway argument?
! Paragraph ended before begin was complete.
<to be read again> 
                   par 
l.71 	\begin
            {itemize}
I suspect you've forgotten a `}', causing me to apply this
control sequence to too much text. How can we recover?
My plan is to forget the whole thing and hope for the best.

! Missing \endcsname inserted.
<to be read again> 
                   scan_stop: 
l.71 	\begin
            {itemize}
The control sequence marked <to be read again> should
not appear between \csname and \endcsname.

! Use of ??? doesn't match its definition.
<argument> ???  
                ! LaTeX Error: scan_stop: invalid in file name. Lost: mode_i...
l.71 	\begin
            {itemize}
If you say, e.g., `\def\a1{...}', then you must always
put `1' after `\a', since control sequence names are
made up of letters only. The macro here has not been
followed by the required stuff, so I'm ignoring it.


! LaTeX Error: File `\begin ' not found.

See the LaTeX manual or LaTeX Companion for explanation.
Type  H <return>  for immediate help.
 ...                                              
                                                  
l.71 	\begin
            {itemize}
I could not locate the file with any of these extensions:
.pdf,.png,.jpg,.mps,.jpeg,.jbig2,.jb2,.PDF,.PNG,.JPG,.JPEG,.JBIG2,.JB2,.eps
Try typing  <return>  to proceed.
If that doesn't work, type  X <return>  to quit.



[1


{C:/Users/Gamergurl/AppData/Local/MiKTeX/fonts/map/pdftex/pdftex.map}]

[2

]

! LaTeX Error: Lonely \item--perhaps a missing list environment.

See the LaTeX manual or LaTeX Companion for explanation.
Type  H <return>  for immediate help.
 ...                                              
                                                  
l.73 		\item N
              eirot Candle-lighting
Try typing  <return>  to proceed.
If that doesn't work, type  X <return>  to quit.


! LaTeX Error: Lonely \item--perhaps a missing list environment.

See the LaTeX manual or LaTeX Companion for explanation.
Type  H <return>  for immediate help.
 ...                                              
                                                  
l.74 		\item K
              addeish Kiddush cup 1
Try typing  <return>  to proceed.
If that doesn't work, type  X <return>  to quit.


! LaTeX Error: Lonely \item--perhaps a missing list environment.

See the LaTeX manual or LaTeX Companion for explanation.
Type  H <return>  for immediate help.
 ...                                              
                                                  
l.75 		\item U
              rchatz Handwashing (no blessing)
Try typing  <return>  to proceed.
If that doesn't work, type  X <return>  to quit.


! LaTeX Error: Lonely \item--perhaps a missing list environment.

See the LaTeX manual or LaTeX Companion for explanation.
Type  H <return>  for immediate help.
 ...                                              
                                                  
l.76 		\item K
              arpas Green herbs (dip parsley in saltwater)
Try typing  <return>  to proceed.
If that doesn't work, type  X <return>  to quit.


! LaTeX Error: Lonely \item--perhaps a missing list environment.

See the LaTeX manual or LaTeX Companion for explanation.
Type  H <return>  for immediate help.
 ...                                              
                                                  
l.77 		\item Y
              achatz Breaking the middle matzah and hiding the afikomen
Try typing  <return>  to proceed.
If that doesn't work, type  X <return>  to quit.


! LaTeX Error: Lonely \item--perhaps a missing list environment.

See the LaTeX manual or LaTeX Companion for explanation.
Type  H <return>  for immediate help.
 ...                                              
                                                  
l.78 		\item M
              aggid: beginning/intro
Try typing  <return>  to proceed.
If that doesn't work, type  X <return>  to quit.


! LaTeX Error: Lonely \item--perhaps a missing list environment.

See the LaTeX manual or LaTeX Companion for explanation.
Type  H <return>  for immediate help.
 ...                                              
                                                  
l.79 		\item L
              achma blessing Bread of Afflictiion and invitation to the seder
Try typing  <return>  to proceed.
If that doesn't work, type  X <return>  to quit.


! LaTeX Error: Lonely \item--perhaps a missing list environment.

See the LaTeX manual or LaTeX Companion for explanation.
Type  H <return>  for immediate help.
 ...                                              
                                                  
l.80 		\item M
              a Nishtana/Arba’ah 4 questions/4 children
Try typing  <return>  to proceed.
If that doesn't work, type  X <return>  to quit.


! LaTeX Error: Lonely \item--perhaps a missing list environment.

See the LaTeX manual or LaTeX Companion for explanation.
Type  H <return>  for immediate help.
 ...                                              
                                                  
l.81 		\item H
              aggadah Story, 10 plagues, cup 2, dayyeinu, r.gamliel’s 3 th...
Try typing  <return>  to proceed.
If that doesn't work, type  X <return>  to quit.


! LaTeX Error: Lonely \item--perhaps a missing list environment.

See the LaTeX manual or LaTeX Companion for explanation.
Type  H <return>  for immediate help.
 ...                                              
                                                  
l.82 		\item R
              achtzah handwashing (blessed)
Try typing  <return>  to proceed.
If that doesn't work, type  X <return>  to quit.


! LaTeX Error: Lonely \item--perhaps a missing list environment.

See the LaTeX manual or LaTeX Companion for explanation.
Type  H <return>  for immediate help.
 ...                                              
                                                  
l.83 		\item P
              esach Passover Sacrifice?
Try typing  <return>  to proceed.
If that doesn't work, type  X <return>  to quit.


! LaTeX Error: Lonely \item--perhaps a missing list environment.

See the LaTeX manual or LaTeX Companion for explanation.
Type  H <return>  for immediate help.
 ...                                              
                                                  
l.84 		\item M
              atzah Unleavened Bread blessing and eat
Try typing  <return>  to proceed.
If that doesn't work, type  X <return>  to quit.


! LaTeX Error: Lonely \item--perhaps a missing list environment.

See the LaTeX manual or LaTeX Companion for explanation.
Type  H <return>  for immediate help.
 ...                                              
                                                  
l.85 		\item M
              aror horseradish/Bitter herbs
Try typing  <return>  to proceed.
If that doesn't work, type  X <return>  to quit.


! LaTeX Error: Lonely \item--perhaps a missing list environment.

See the LaTeX manual or LaTeX Companion for explanation.
Type  H <return>  for immediate help.
 ...                                              
                                                  
l.86 		\item K
              oreich Hillel Sandwich
Try typing  <return>  to proceed.
If that doesn't work, type  X <return>  to quit.


! LaTeX Error: Lonely \item--perhaps a missing list environment.

See the LaTeX manual or LaTeX Companion for explanation.
Type  H <return>  for immediate help.
 ...                                              
                                                  
l.87 		\item S
              hulchan Oreich Meal
Try typing  <return>  to proceed.
If that doesn't work, type  X <return>  to quit.


! LaTeX Error: Lonely \item--perhaps a missing list environment.

See the LaTeX manual or LaTeX Companion for explanation.
Type  H <return>  for immediate help.
 ...                                              
                                                  
l.88 		\item T
              zafun Afikomen hunt
Try typing  <return>  to proceed.
If that doesn't work, type  X <return>  to quit.


! LaTeX Error: Lonely \item--perhaps a missing list environment.

See the LaTeX manual or LaTeX Companion for explanation.
Type  H <return>  for immediate help.
 ...                                              
                                                  
l.89 		\item B
              areich Grace after meals
Try typing  <return>  to proceed.
If that doesn't work, type  X <return>  to quit.


! LaTeX Error: Lonely \item--perhaps a missing list environment.

See the LaTeX manual or LaTeX Companion for explanation.
Type  H <return>  for immediate help.
 ...                                              
                                                  
l.90 		\item H
              allel Praise, door for elijah, cup of elijah and miriam’s cup
Try typing  <return>  to proceed.
If that doesn't work, type  X <return>  to quit.


! LaTeX Error: Lonely \item--perhaps a missing list environment.

See the LaTeX manual or LaTeX Companion for explanation.
Type  H <return>  for immediate help.
 ...                                              
                                                  
l.91 		\item N
              irtzah Conclusion (next year in jerusalem)
Try typing  <return>  to proceed.
If that doesn't work, type  X <return>  to quit.


! LaTeX Error: \begin{document} ended by \end{itemize}.

See the LaTeX manual or LaTeX Companion for explanation.
Type  H <return>  for immediate help.
 ...                                              
                                                  
l.92 	\end{itemize}
                   
Your command was ignored.
Type  I <command> <return>  to replace it with another command,
or  <return>  to continue without it.

! Extra \endgroup.
\end  ...end#1\endcsname \@checkend {#1}\endgroup 
                                                  \UseHook {env/#1/after}\if...
l.92 	\end{itemize}
                   
Things are pretty mixed up, but I think the worst is over.



[1]

[2]
! Undefined control sequence.
<argument> \offertoryTranslation 
                                 
l.156 \oneColumnTranslation{\offertoryTranslation}
                                                  
The control sequence at the end of the top line
of your error message was never \def'ed. If you have
misspelled it (e.g., `\hobx'), type `I' and the correct
spelling (e.g., `I\hbox'). Otherwise just continue,
and I'll forget about whatever was undefined.

! Undefined control sequence.
<argument> \secret 
                   
l.161 \black{\secret}
                     
The control sequence at the end of the top line
of your error message was never \def'ed. If you have
misspelled it (e.g., `\hobx'), type `I' and the correct
spelling (e.g., `I\hbox'). Otherwise just continue,
and I'll forget about whatever was undefined.



[3]
Module gregoriotex Info: Looking in  on input line 172
Module gregoriotex Info: Cannot find sed-libera-nos.gabc on input line 172
Module gregoriotex Info: Output directory: tmp-gre/ on input line 172
...ppData/Local/Programs/MiKTeX/tex/latex/base/ltluatex.lua:109: 
Module gregoriotex Error: The file sed-libera-nos.gabc does not exist on input l
ine 172

stack traceback:
	[C]: in function 'error'
	...ppData/Local/Programs/MiKTeX/tex/latex/base/ltluatex.lua:109: in function <.
..ppData/Local/Programs/MiKTeX/tex/latex/base/ltluatex.lua:108>
	(...tail calls...)
	...l/Programs/MiKTeX/tex/luatex/gregoriotex/gregoriotex.lua:1270: in field 'inc
lude_score'
	[\directlua]:1: in main chunk.
\gre@gregorioscore ...allowdeprecated@asboolean )}
                                                  \or \gre@debugmsg {compile...
l.172 \gregorioscore{sed-libera-nos}
                                    
The lua interpreter ran into a problem, so the
remainder of this lua chunk will be ignored.

! Undefined control sequence.
<argument> \communionTranslation 
                                 
l.183 \oneColumnTranslation{\communionTranslation}
                                                  
The control sequence at the end of the top line
of your error message was never \def'ed. If you have
misspelled it (e.g., `\hobx'), type `I' and the correct
spelling (e.g., `I\hbox'). Otherwise just continue,
and I'll forget about whatever was undefined.

! Undefined control sequence.
<argument>  \oremus 
                    \postcommunion 
l.191 }
       
The control sequence at the end of the top line
of your error message was never \def'ed. If you have
misspelled it (e.g., `\hobx'), type `I' and the correct
spelling (e.g., `I\hbox'). Otherwise just continue,
and I'll forget about whatever was undefined.

! Undefined control sequence.
<argument>  \oremus \postcommunion 
                                   
l.191 }
       
The control sequence at the end of the top line
of your error message was never \def'ed. If you have
misspelled it (e.g., `\hobx'), type `I' and the correct
spelling (e.g., `I\hbox'). Otherwise just continue,
and I'll forget about whatever was undefined.

Package microtype Info: Loading generic protrusion settings for font family
(microtype)             `lmtt' (encoding: TU).
(microtype)             For optimal results, create family-specific settings.
(microtype)             See the microtype manual for details.
LaTeX Font Info:    External font `cmex10' loaded for size
(Font)              <7> on input line 213.
LaTeX Font Info:    External font `cmex10' loaded for size
(Font)              <5> on input line 213.

(C:/Users/Gamergurl/AppData/Local/Programs/MiKTeX/tex/latex/microtype/mt-cmr.cf
g
File: mt-cmr.cfg 2013/05/19 v2.2 microtype config. file: Computer Modern Roman 
(RS)
)

[4] (./haggadah.aux)
 ***********
LaTeX2e <2024-11-01> patch level 2
L3 programming layer <2020/03/25>
 ***********


Package rerunfilecheck Warning: File `haggadah.out' has changed.
(rerunfilecheck)                Rerun to get outlines right
(rerunfilecheck)                or use package `bookmark'.

Package rerunfilecheck Info: Checksums for `haggadah.out':
(rerunfilecheck)             Before: D41D8CD98F00B204E9800998ECF8427E;0
(rerunfilecheck)             After:  53F436ADC25C899EA9959DF548D969A9;1516.
)
(\end occurred when \ifcsname on line 71 was incomplete)
(\end occurred when \if on line 71 was incomplete)

Here is how much of LuaTeX's memory you used:
 39322 strings out of 475506
 125061,1373583 words of node,token memory allocated
 1253 words of node memory still in use:
   4 hlist, 1 vlist, 1 rule, 2 glue, 3 kern, 2 glyph, 13 attribute, 208 glue_spe
c, 7 attribute_list, 2 write, 1 user_defined nodes
   avail lists: 1:2,2:819,3:329,4:44,5:187,6:54,7:2587,8:19,9:274,10:19,11:102
 61810 multiletter control sequences out of 65536+600000
 43 fonts using 5895727 bytes
 85i,11n,89p,1013b,531s stack positions out of 10000i,1000n,20000p,200000b,200000s
<c:/users/gamergurl/appdata/local/programs/miktex/fonts/opentype/public/lm/lmmon
o8-regular.otf><c:/users/gamergurl/appdata/local/programs/miktex/fonts/opentype/
public/lm/lmmono10-regular.otf><c:/users/gamergurl/appdata/local/programs/miktex
/fonts/opentype/public/lm/lmroman10-italic.otf><c:/users/gamergurl/appdata/local
/programs/miktex/fonts/opentype/public/lm/lmroman12-bold.otf><c:/users/gamergurl
/appdata/local/programs/miktex/fonts/opentype/public/lm/lmroman6-regular.otf><c:
/users/gamergurl/appdata/local/programs/miktex/fonts/opentype/public/lm/lmroman1
0-regular.otf><c:/users/gamergurl/appdata/local/programs/miktex/fonts/opentype/p
ublic/lm/lmroman12-regular.otf><C:/Users/Gamergurl/AppData/Local/Programs/MiKTeX
/fonts/truetype/public/gregoriotex/greextra.ttf><c:/users/gamergurl/appdata/loca
l/programs/miktex/fonts/opentype/public/lm/lmroman17-regular.otf>
Output written on haggadah.pdf (6 pages, 52876 bytes).

PDF statistics: 114 PDF objects out of 1000 (max. 8388607)
 25 named destinations out of 1000 (max. 131072)
 1 words of extra memory for PDF output out of 10000 (max. 100000000)

