\BOOKMARK [1][-]{section*.1}{\376\377\000I\000n\000t\000r\000o\000d\000u\000c\000t\000i\000o\000n}{}% 1
\BOOKMARK [1][-]{section*.2}{\376\377\000C\000o\000n\000t\000e\000n\000t\000s}{}% 2
\BOOKMARK [1][-]{section*.3}{\376\377\000C\000o\000n\000t\000e\000n\000t\000s}{}% 3
\BOOKMARK [1][-]{section*.4}{\376\377\000N\000e\000i\000r\000o\000t\000\040\000:\000\040\000C\000a\000n\000d\000l\000e\000-\000l\000i\000g\000h\000t\000i\000n\000g}{}% 4
\BOOKMARK [1][-]{section*.5}{\376\377\000K\000a\000d\000d\000e\000i\000s\000h\000\040\000:\000\040\000C\000u\000p\000\040\000o\000f\000\040\000S\000a\000n\000c\000t\000i\000f\000i\000c\000a\000t\000i\000o\000n}{}% 5
\BOOKMARK [1][-]{section*.6}{\376\377\000U\000r\000c\000h\000a\000t\000z\000\040\000:\000\040\000H\000a\000n\000d\000w\000a\000s\000h\000i\000n\000g}{}% 6
\BOOKMARK [1][-]{section*.7}{\376\377\000K\000a\000r\000p\000a\000s\000\040\000:\000\040\000G\000r\000e\000e\000n\000\040\000S\000p\000r\000i\000n\000g\000\040\000H\000e\000r\000b\000s}{}% 7
\BOOKMARK [1][-]{section*.8}{\376\377\000Y\000a\000c\000h\000a\000t\000z}{}% 8
\BOOKMARK [1][-]{section*.9}{\376\377\000A\000r\000b\000a\000'\000a\000h\000\040\000:\000\040\000T\000h\000e\000\040\000F\000o\000u\000r}{}% 9
\BOOKMARK [1][-]{section*.10}{\376\377\000M\000a\000g\000g\000i\000d\000\040\000:\000\040\000T\000h\000e\000\040\000S\000t\000o\000r\000y}{}% 10
\BOOKMARK [1][-]{section*.11}{\376\377\000R\000a\000c\000h\000t\000z\000a\000h\000\040\000:\000\040\000H\000a\000n\000d\000w\000a\000s\000h\000i\000n\000g\000\040\000\050\000B\000l\000e\000s\000s\000e\000d\000\051}{}% 11
\BOOKMARK [1][-]{section*.12}{\376\377\000P\000e\000s\000a\000c\000h}{}% 12
\BOOKMARK [1][-]{section*.13}{\376\377\000M\000a\000t\000z\000a\000h\000\040\000:\000\040\000U\000n\000l\000e\000a\000v\000e\000n\000e\000d\000\040\000B\000r\000e\000a\000d}{}% 13
\BOOKMARK [1][-]{section*.14}{\376\377\000M\000a\000r\000o\000r\000\040\000:\000\040\000B\000i\000t\000t\000e\000r\000\040\000H\000e\000r\000b\000s}{}% 14
\BOOKMARK [1][-]{section*.15}{\376\377\000K\000o\000r\000e\000i\000c\000h\000\040\000:\000\040\000H\000i\000l\000l\000e\000l\000\040\000S\000a\000n\000d\000w\000i\000c\000h}{}% 15
\BOOKMARK [1][-]{section*.16}{\376\377\000S\000h\000u\000l\000c\000h\000a\000n\000\040\000O\000r\000e\000i\000c\000h\000\040\000:\000\040\000T\000h\000e\000\040\000S\000e\000t\000\040\000T\000a\000b\000l\000e}{}% 16
\BOOKMARK [1][-]{section*.17}{\376\377\000T\000z\000a\000f\000u\000n\000\040\000:\000\040\000A\000f\000i\000k\000o\000m\000e\000n\000!}{}% 17
\BOOKMARK [1][-]{section*.18}{\376\377\000B\000a\000r\000e\000i\000c\000h\000\040\000:\000\040\000G\000r\000a\000c\000e\000\040\000a\000f\000t\000e\000r\000\040\000t\000h\000e\000\040\000m\000e\000a\000l}{}% 18
\BOOKMARK [1][-]{section*.19}{\376\377\000H\000a\000l\000l\000e\000l\000\040\000:\000\040\000P\000r\000a\000i\000s\000e}{}% 19
\BOOKMARK [1][-]{section*.20}{\376\377\000N\000i\000r\000t\000z\000a\000h\000\040\000:\000\040\000C\000o\000n\000c\000l\000u\000s\000i\000o\000n}{}% 20
